kotlin version: 2.1.20
error message: Incremental compilation failed: The following FqNames can't be derived from DirtyData.dirtyLookupSymbols: org.jetbrains.jewel.foundation.theme.JewelTheme.
DirtyData = DirtyData(dirtyLookupSymbols=[LookupSymbol(name=LocalConsoleTextStyle, scope=org.jetbrains.jewel.foundation.theme), LookupSymbol(name=JewelThemeKt, scope=org.jetbrains.jewel.foundation.theme), LookupSymbol(name=LocalContentColor, scope=org.jetbrains.jewel.foundation.theme), LookupSymbol(name=LocalThemeName, scope=org.jetbrains.jewel.foundation.theme), LookupSymbol(name=isDark, scope=org.jetbrains.jewel.foundation.theme.JewelTheme.Companion), LookupSymbol(name=<SAM-CONSTRUCTOR>, scope=org.jetbrains.jewel.bridge.theme), LookupSymbol(name=contentColor, scope=org.jetbrains.jewel.foundation.theme.JewelTheme.Companion), LookupSymbol(name=<SAM-CONSTRUCTOR>, scope=org.jetbrains.jewel.ui.component), LookupSymbol(name=<SAM-CONSTRUCTOR>, scope=org.jetbrains.jewel.foundation.theme), LookupSymbol(name=LocalIsDarkTheme, scope=org.jetbrains.jewel.foundation.theme), LookupSymbol(name=editorTextStyle, scope=org.jetbrains.jewel.foundation.theme.JewelTheme.Companion), LookupSymbol(name=Companion, scope=org.jetbrains.jewel.foundation.theme.JewelTheme), LookupSymbol(name=TabsKt, scope=org.jetbrains.jewel.ui.component), LookupSymbol(name=consoleTextStyle, scope=org.jetbrains.jewel.foundation.theme.JewelTheme.Companion), LookupSymbol(name=LocalEditorTextStyle, scope=org.jetbrains.jewel.foundation.theme), LookupSymbol(name=<SAM-CONSTRUCTOR>, scope=org.jetbrains.jewel.foundation.theme.JewelTheme), LookupSymbol(name=TabStrip, scope=org.jetbrains.jewel.ui.component), LookupSymbol(name=LocalColorPalette, scope=org.jetbrains.jewel.foundation.theme), LookupSymbol(name=<SAM-CONSTRUCTOR>, scope=org.jetbrains.jewel.foundation.theme.JewelTheme.Companion), LookupSymbol(name=LocalSwingCompatMode, scope=org.jetbrains.jewel.foundation.theme), LookupSymbol(name=LocalIconData, scope=org.jetbrains.jewel.foundation.theme), LookupSymbol(name=SwingBridgeThemeKt, scope=org.jetbrains.jewel.bridge.theme), LookupSymbol(name=JewelTheme, scope=org.jetbrains.jewel.foundation.theme), LookupSymbol(name=name, scope=org.jetbrains.jewel.foundation.theme.JewelTheme.Companion), LookupSymbol(name=globalColors, scope=org.jetbrains.jewel.foundation.theme.JewelTheme.Companion), LookupSymbol(name=isSwingCompatMode, scope=org.jetbrains.jewel.foundation.theme.JewelTheme.Companion), LookupSymbol(name=LocalTextStyle, scope=org.jetbrains.jewel.foundation.theme), LookupSymbol(name=SimpleTabContent, scope=org.jetbrains.jewel.ui.component), LookupSymbol(name=TabImpl, scope=org.jetbrains.jewel.ui.component), LookupSymbol(name=SwingBridgeTheme, scope=org.jetbrains.jewel.bridge.theme), LookupSymbol(name=defaultTextStyle, scope=org.jetbrains.jewel.foundation.theme.JewelTheme.Companion), LookupSymbol(name=globalMetrics, scope=org.jetbrains.jewel.foundation.theme.JewelTheme.Companion), LookupSymbol(name=OverrideDarkMode, scope=org.jetbrains.jewel.foundation.theme), LookupSymbol(name=TabStripKt, scope=org.jetbrains.jewel.ui.component)], dirtyClassesFqNames=[org.jetbrains.jewel.ui.component, org.jetbrains.jewel.foundation.theme.JewelTheme.Companion, org.jetbrains.jewel.ui.component.TabStripKt, org.jetbrains.jewel.bridge.theme, org.jetbrains.jewel.foundation.theme, org.jetbrains.jewel.bridge.theme.SwingBridgeThemeKt, org.jetbrains.jewel.foundation.theme.JewelThemeKt, org.jetbrains.jewel.ui.component.TabsKt, org.jetbrains.jewel.foundation.theme.JewelTheme], dirtyClassesFqNamesForceRecompile=[])
java.lang.IllegalStateException: The following FqNames can't be derived from DirtyData.dirtyLookupSymbols: org.jetbrains.jewel.foundation.theme.JewelTheme.
DirtyData = DirtyData(dirtyLookupSymbols=[LookupSymbol(name=LocalConsoleTextStyle, scope=org.jetbrains.jewel.foundation.theme), LookupSymbol(name=JewelThemeKt, scope=org.jetbrains.jewel.foundation.theme), LookupSymbol(name=LocalContentColor, scope=org.jetbrains.jewel.foundation.theme), LookupSymbol(name=LocalThemeName, scope=org.jetbrains.jewel.foundation.theme), LookupSymbol(name=isDark, scope=org.jetbrains.jewel.foundation.theme.JewelTheme.Companion), LookupSymbol(name=<SAM-CONSTRUCTOR>, scope=org.jetbrains.jewel.bridge.theme), LookupSymbol(name=contentColor, scope=org.jetbrains.jewel.foundation.theme.JewelTheme.Companion), LookupSymbol(name=<SAM-CONSTRUCTOR>, scope=org.jetbrains.jewel.ui.component), LookupSymbol(name=<SAM-CONSTRUCTOR>, scope=org.jetbrains.jewel.foundation.theme), LookupSymbol(name=LocalIsDarkTheme, scope=org.jetbrains.jewel.foundation.theme), LookupSymbol(name=editorTextStyle, scope=org.jetbrains.jewel.foundation.theme.JewelTheme.Companion), LookupSymbol(name=Companion, scope=org.jetbrains.jewel.foundation.theme.JewelTheme), LookupSymbol(name=TabsKt, scope=org.jetbrains.jewel.ui.component), LookupSymbol(name=consoleTextStyle, scope=org.jetbrains.jewel.foundation.theme.JewelTheme.Companion), LookupSymbol(name=LocalEditorTextStyle, scope=org.jetbrains.jewel.foundation.theme), LookupSymbol(name=<SAM-CONSTRUCTOR>, scope=org.jetbrains.jewel.foundation.theme.JewelTheme), LookupSymbol(name=TabStrip, scope=org.jetbrains.jewel.ui.component), LookupSymbol(name=LocalColorPalette, scope=org.jetbrains.jewel.foundation.theme), LookupSymbol(name=<SAM-CONSTRUCTOR>, scope=org.jetbrains.jewel.foundation.theme.JewelTheme.Companion), LookupSymbol(name=LocalSwingCompatMode, scope=org.jetbrains.jewel.foundation.theme), LookupSymbol(name=LocalIconData, scope=org.jetbrains.jewel.foundation.theme), LookupSymbol(name=SwingBridgeThemeKt, scope=org.jetbrains.jewel.bridge.theme), LookupSymbol(name=JewelTheme, scope=org.jetbrains.jewel.foundation.theme), LookupSymbol(name=name, scope=org.jetbrains.jewel.foundation.theme.JewelTheme.Companion), LookupSymbol(name=globalColors, scope=org.jetbrains.jewel.foundation.theme.JewelTheme.Companion), LookupSymbol(name=isSwingCompatMode, scope=org.jetbrains.jewel.foundation.theme.JewelTheme.Companion), LookupSymbol(name=LocalTextStyle, scope=org.jetbrains.jewel.foundation.theme), LookupSymbol(name=SimpleTabContent, scope=org.jetbrains.jewel.ui.component), LookupSymbol(name=TabImpl, scope=org.jetbrains.jewel.ui.component), LookupSymbol(name=SwingBridgeTheme, scope=org.jetbrains.jewel.bridge.theme), LookupSymbol(name=defaultTextStyle, scope=org.jetbrains.jewel.foundation.theme.JewelTheme.Companion), LookupSymbol(name=globalMetrics, scope=org.jetbrains.jewel.foundation.theme.JewelTheme.Companion), LookupSymbol(name=OverrideDarkMode, scope=org.jetbrains.jewel.foundation.theme), LookupSymbol(name=TabStripKt, scope=org.jetbrains.jewel.ui.component)], dirtyClassesFqNames=[org.jetbrains.jewel.ui.component, org.jetbrains.jewel.foundation.theme.JewelTheme.Companion, org.jetbrains.jewel.ui.component.TabStripKt, org.jetbrains.jewel.bridge.theme, org.jetbrains.jewel.foundation.theme, org.jetbrains.jewel.bridge.theme.SwingBridgeThemeKt, org.jetbrains.jewel.foundation.theme.JewelThemeKt, org.jetbrains.jewel.ui.component.TabsKt, org.jetbrains.jewel.foundation.theme.JewelTheme], dirtyClassesFqNamesForceRecompile=[])
	at org.jetbrains.kotlin.incremental.classpathDiff.ClasspathChangesComputer.toProgramSymbols(ClasspathChangesComputer.kt:381)
	at org.jetbrains.kotlin.incremental.classpathDiff.ClasspathChangesComputer.computeFineGrainedKotlinClassChanges(ClasspathChangesComputer.kt:281)
	at org.jetbrains.kotlin.incremental.classpathDiff.ClasspathChangesComputer.computeKotlinClassChanges(ClasspathChangesComputer.kt:181)
	at org.jetbrains.kotlin.incremental.classpathDiff.ClasspathChangesComputer.computeClassChanges(ClasspathChangesComputer.kt:154)
	at org.jetbrains.kotlin.incremental.classpathDiff.ClasspathChangesComputer.computeChangedAndImpactedSet(ClasspathChangesComputer.kt:104)
	at org.jetbrains.kotlin.incremental.classpathDiff.ClasspathChangesComputer.computeClasspathChanges(ClasspathChangesComputer.kt:72)
	at org.jetbrains.kotlin.incremental.IncrementalJvmCompilerRunner.calculateSourcesToCompileImpl(IncrementalJvmCompilerRunner.kt:207)
	at org.jetbrains.kotlin.incremental.IncrementalJvmCompilerRunner.calculateSourcesToCompile(IncrementalJvmCompilerRunner.kt:145)
	at org.jetbrains.kotlin.incremental.IncrementalJvmCompilerRunner.calculateSourcesToCompile(IncrementalJvmCompilerRunner.kt:75)
	at org.jetbrains.kotlin.incremental.IncrementalCompilerRunner.tryCompileIncrementally$lambda$10$compile(IncrementalCompilerRunner.kt:234)
	at org.jetbrains.kotlin.incremental.IncrementalCompilerRunner.tryCompileIncrementally(IncrementalCompilerRunner.kt:276)
	at org.jetbrains.kotlin.incremental.IncrementalCompilerRunner.compile(IncrementalCompilerRunner.kt:128)
	at org.jetbrains.kotlin.daemon.CompileServiceImplBase.execIncrementalCompiler(CompileServiceImpl.kt:678)
	at org.jetbrains.kotlin.daemon.CompileServiceImplBase.access$execIncrementalCompiler(CompileServiceImpl.kt:92)
	at org.jetbrains.kotlin.daemon.CompileServiceImpl.compile(CompileServiceImpl.kt:1805)
	at java.base/jdk.internal.reflect.DirectMethodHandleAccessor.invoke(DirectMethodHandleAccessor.java:103)
	at java.base/java.lang.reflect.Method.invoke(Method.java:580)
	at java.rmi/sun.rmi.server.UnicastServerRef.dispatch(UnicastServerRef.java:360)
	at java.rmi/sun.rmi.transport.Transport$1.run(Transport.java:200)
	at java.rmi/sun.rmi.transport.Transport$1.run(Transport.java:197)
	at java.base/java.security.AccessController.doPrivileged(AccessController.java:714)
	at java.rmi/sun.rmi.transport.Transport.serviceCall(Transport.java:196)
	at java.rmi/sun.rmi.transport.tcp.TCPTransport.handleMessages(TCPTransport.java:598)
	at java.rmi/sun.rmi.transport.tcp.TCPTransport$ConnectionHandler.run0(TCPTransport.java:844)
	at java.rmi/sun.rmi.transport.tcp.TCPTransport$ConnectionHandler.lambda$run$0(TCPTransport.java:721)
	at java.base/java.security.AccessController.doPrivileged(AccessController.java:400)
	at java.rmi/sun.rmi.transport.tcp.TCPTransport$ConnectionHandler.run(TCPTransport.java:720)
	at java.base/java.util.concurrent.ThreadPoolExecutor.runWorker(ThreadPoolExecutor.java:1144)
	at java.base/java.util.concurrent.ThreadPoolExecutor$Worker.run(ThreadPoolExecutor.java:642)
	at java.base/java.lang.Thread.run(Thread.java:1583)


